<context xmlns="urn:onf:otcc:yang:tapi-common">
  <topology-context xmlns="urn:onf:otcc:yang:tapi-topology">
    <topology>
      <uuid>00000000-0000-0000-0000-000000000001</uuid>
      <node>
        <uuid>00000000-0000-0000-0001-000000000001</uuid>
        <owned-node-edge-point>
          <uuid>00000000-0000-0000-0003-000000000011</uuid>
          <cep-list xmlns="urn:onf:otcc:yang:tapi-connectivity">
            <connection-end-point>
              <uuid>00000000-0000-0000-0007-000000000011</uuid>
              <parent-node-edge-point>
                <node-edge-point-uuid>00000000-0000-0000-0003-000000000011</node-edge-point-uuid>
                <node-uuid>00000000-0000-0000-0001-000000000001</node-uuid>
                <topology-uuid>00000000-0000-0000-0000-000000000001</topology-uuid>
              </parent-node-edge-point>
            </connection-end-point>
          </cep-list>
          <mapped-service-interface-point>
            <service-interface-point-uuid>00000000-0000-0000-0002-000000000001</service-interface-point-uuid>
          </mapped-service-interface-point>
          <name>
            <value-name>onos-cp</value-name>
            <value>netconf:127.0.0.1:11001/[TRANSCEIVER](1)</value>
          </name>
        </owned-node-edge-point>
        <owned-node-edge-point>
          <uuid>00000000-0000-0000-0003-000000000012</uuid>
          <name>
            <value-name>onos-cp</value-name>
            <value>netconf:127.0.0.1:11001/[TRANSCEIVER](2)</value>
          </name>
        </owned-node-edge-point>
        <name>
          <value-name>device-id</value-name>
          <value>netconf:127.0.0.1:11001</value>
        </name>
      </node>
      <node>
        <uuid>00000000-0000-0000-0001-000000000002</uuid>
        <owned-node-edge-point>
          <uuid>00000000-0000-0000-0003-000000000021</uuid>
          <cep-list xmlns="urn:onf:otcc:yang:tapi-connectivity">
            <connection-end-point>
              <uuid>00000000-0000-0000-0007-000000000021</uuid>
              <parent-node-edge-point>
                <node-edge-point-uuid>00000000-0000-0000-0003-000000000021</node-edge-point-uuid>
                <node-uuid>00000000-0000-0000-0001-000000000001</node-uuid>
                <topology-uuid>00000000-0000-0000-0000-000000000001</topology-uuid>
              </parent-node-edge-point>
            </connection-end-point>
          </cep-list>
          <mapped-service-interface-point>
            <service-interface-point-uuid>00000000-0000-0000-0002-000000000002</service-interface-point-uuid>
          </mapped-service-interface-point>
          <name>
            <value-name>onos-cp</value-name>
            <value>netconf:127.0.0.1:11002/[TRANSCEIVER](1)</value>
          </name>
        </owned-node-edge-point>
        <owned-node-edge-point>
          <uuid>00000000-0000-0000-0003-000000000022</uuid>
          <name>
            <value-name>onos-cp</value-name>
            <value>netconf:127.0.0.1:11002/[TRANSCEIVER](2)</value>
          </name>
        </owned-node-edge-point>
        <name>
          <value-name>device-id</value-name>
          <value>netconf:127.0.0.1:11002</value>
        </name>
      </node>
    </topology>
  </topology-context>
  <connectivity-context xmlns="urn:onf:otcc:yang:tapi-connectivity">
    <connectivity-service>
      <uuid>00000000-0000-0000-0004-000000000001</uuid>
      <end-point>
        <local-id>00000000-0000-0000-0006-000000000001</local-id>
      </end-point>
      <end-point>
        <local-id>00000000-0000-0000-0006-000000000002</local-id>
      </end-point>
      <connection>
        <connection-uuid>00000000-0000-0000-0005-000000000001</connection-uuid>
      </connection>
    </connectivity-service>
    <connection>
      <uuid>00000000-0000-0000-0005-000000000001</uuid>
      <connection-end-point>
        <connection-end-point-uuid>00000000-0000-0000-0007-000000000011</connection-end-point-uuid>
        <node-edge-point-uuid>00000000-0000-0000-0003-000000000011</node-edge-point-uuid>
        <node-uuid>00000000-0000-0000-0001-000000000001</node-uuid>
        <topology-uuid>00000000-0000-0000-0000-000000000001</topology-uuid>
      </connection-end-point>
      <connection-end-point>
        <connection-end-point-uuid>00000000-0000-0000-0007-000000000021</connection-end-point-uuid>
        <node-edge-point-uuid>00000000-0000-0000-0003-000000000021</node-edge-point-uuid>
        <node-uuid>00000000-0000-0000-0001-000000000001</node-uuid>
        <topology-uuid>00000000-0000-0000-0000-000000000001</topology-uuid>
      </connection-end-point>
    </connection>
  </connectivity-context>
  <service-interface-point>
    <layer-protocol-name>DSR</layer-protocol-name>
    <uuid>00000000-0000-0000-0002-000000000001</uuid>
    <name>
      <value-name>onos-cp</value-name>
      <value>netconf:127.0.0.1:11001/[TRANSCEIVER](1)</value>
    </name>
  </service-interface-point>
  <service-interface-point>
    <layer-protocol-name>DSR</layer-protocol-name>
    <uuid>00000000-0000-0000-0002-000000000002</uuid>
    <name>
      <value-name>onos-cp</value-name>
      <value>netconf:127.0.0.1:11002/[TRANSCEIVER](1)</value>
    </name>
  </service-interface-point>
</context>